c:\users\mahdi\documents\course\advance 3d\opengl\backup\opengl4_4 with light and texture\debug\main.obj
c:\users\mahdi\documents\course\advance 3d\opengl\backup\opengl4_4 with light and texture\debug\vc110.pdb
c:\users\mahdi\documents\course\advance 3d\opengl\backup\opengl4_4 with light and texture\debug\opengl4_4.ilk
c:\users\mahdi\documents\course\advance 3d\opengl\backup\opengl4_4 with light and texture\debug\opengl4_4.exe
c:\users\mahdi\documents\course\advance 3d\opengl\backup\opengl4_4 with light and texture\debug\opengl4_4.pdb
e:\course design\pa4\pa4\pa4\debug\main.obj
e:\course design\pa4\pa4\pa4\debug\opengl4_4.ilk
e:\course design\pa4\pa4\pa4\debug\cl.command.1.tlog
e:\course design\pa4\pa4\pa4\debug\cl.read.1.tlog
e:\course design\pa4\pa4\pa4\debug\cl.write.1.tlog
e:\course design\pa4\pa4\pa4\debug\link-cvtres.read.1.tlog
e:\course design\pa4\pa4\pa4\debug\link-cvtres.write.1.tlog
e:\course design\pa4\pa4\pa4\debug\link-rc.read.1.tlog
e:\course design\pa4\pa4\pa4\debug\link-rc.write.1.tlog
e:\course design\pa4\pa4\pa4\debug\link.command.1.tlog
e:\course design\pa4\pa4\pa4\debug\link.read.1.tlog
e:\course design\pa4\pa4\pa4\debug\link.write.1.tlog
e:\course design\pa4\pa4\pa4\debug\vc110.idb
e:\course design\pa4\pa4\pa4\debug\opengl4_4.pdb
e:\course design\pa4\pa4\pa4\debug\vc110.pdb
e:\course design\pa4\pa4\pa4\debug\opengl4_4.exe
