c:\users\mahdi\documents\course\advance 3d\opengl\backup\opengl4_4 with light and texture\release\main.obj
c:\users\mahdi\documents\course\advance 3d\opengl\backup\opengl4_4 with light and texture\release\vc110.pdb
c:\users\mahdi\documents\course\advance 3d\opengl\backup\opengl4_4 with light and texture\release\opengl4_4.exe
c:\users\mahdi\documents\course\advance 3d\opengl\backup\opengl4_4 with light and texture\release\opengl4_4.pdb
e:\course design\pa4\pa4\pa4\release\vc120.pdb
e:\course design\pa4\pa4\pa4\release\main.obj
e:\course design\pa4\pa4\pa4\release\opengl4_4.exe
e:\course design\pa4\pa4\pa4\release\opengl4_4.pdb
e:\course design\pa4\pa4\pa4\release\opengl4_4.vcxprojresolveassemblyreference.cache
e:\course design\pa4\pa4\pa4\release\cl.command.1.tlog
e:\course design\pa4\pa4\pa4\release\cl.read.1.tlog
e:\course design\pa4\pa4\pa4\release\cl.write.1.tlog
e:\course design\pa4\pa4\pa4\release\link-cvtres.read.1.tlog
e:\course design\pa4\pa4\pa4\release\link-cvtres.write.1.tlog
e:\course design\pa4\pa4\pa4\release\link-rc.read.1.tlog
e:\course design\pa4\pa4\pa4\release\link-rc.write.1.tlog
e:\course design\pa4\pa4\pa4\release\link.command.1.tlog
e:\course design\pa4\pa4\pa4\release\link.read.1.tlog
e:\course design\pa4\pa4\pa4\release\link.write.1.tlog
e:\course design\pa4\pa4\pa4\release\vc110.pdb
e:\course design\pa4\pa4\pa4\release\opengl4_4.tlog\cl.command.1.tlog
e:\course design\pa4\pa4\pa4\release\opengl4_4.tlog\cl.read.1.tlog
e:\course design\pa4\pa4\pa4\release\opengl4_4.tlog\cl.write.1.tlog
e:\course design\pa4\pa4\pa4\release\opengl4_4.tlog\link.command.1.tlog
e:\course design\pa4\pa4\pa4\release\opengl4_4.tlog\link.read.1.tlog
e:\course design\pa4\pa4\pa4\release\opengl4_4.tlog\link.write.1.tlog
